{
  "RSpec": {
    "coverage": {
      "/Users/wesleymiranda/github/Final/spec/generator_spec.rb": {
        "lines": [
          1,
          null,
          1,
          null,
          1,
          10,
          10,
          null,
          null,
          1,
          1,
          null,
          null,
          1,
          1,
          null,
          null,
          1,
          1,
          null,
          null,
          1,
          1,
          null,
          null,
          1,
          1,
          null,
          null,
          1,
          1,
          null,
          null,
          1,
          1,
          1,
          1,
          1,
          null,
          null,
          1,
          1,
          1,
          1,
          1,
          null,
          null,
          1,
          1,
          null,
          null,
          null,
          null,
          null,
          null,
          1,
          1,
          null,
          null,
          null,
          null,
          null,
          null,
          null,
          null
        ]
      },
      "/Users/wesleymiranda/github/Final/lib/generator.rb": {
        "lines": [
          1,
          1,
          1,
          1,
          1,
          1,
          null,
          1,
          24,
          24,
          24,
          24,
          null,
          null,
          1,
          7,
          null,
          null,
          1,
          613,
          null,
          null,
          1,
          154,
          154,
          154,
          154,
          616,
          616,
          616,
          null,
          154,
          null,
          null,
          1,
          153,
          153,
          153,
          612,
          612,
          null,
          153,
          null,
          null,
          1,
          4,
          4,
          4,
          44,
          12,
          32,
          12,
          20,
          12,
          8,
          8,
          null,
          null,
          4,
          null,
          null,
          1,
          2,
          2,
          22,
          6,
          16,
          6,
          10,
          6,
          4,
          4,
          null,
          null,
          2,
          null,
          null
        ]
      },
      "/Users/wesleymiranda/github/Final/lib/rotate.rb": {
        "lines": [
          1,
          1,
          20,
          20,
          null,
          null,
          1,
          20,
          20,
          null,
          null,
          1,
          20,
          20,
          null,
          null,
          1,
          14,
          14,
          null,
          null,
          1,
          7,
          null,
          null,
          1,
          7,
          null,
          null,
          1,
          7,
          null,
          null,
          1,
          5,
          null,
          null
        ]
      },
      "/Users/wesleymiranda/github/Final/spec/enigma_spec.rb": {
        "lines": [
          1,
          1,
          1,
          null,
          1,
          null,
          1,
          4,
          null,
          null,
          1,
          1,
          null,
          null,
          1,
          1,
          null,
          null,
          null,
          null,
          null,
          null,
          1,
          1,
          null,
          null,
          1,
          1,
          null,
          null
        ]
      },
      "/Users/wesleymiranda/github/Final/lib/enigma.rb": {
        "lines": [
          1,
          1,
          1,
          1,
          null,
          1,
          3,
          null,
          null,
          1,
          1,
          null,
          null,
          1,
          2,
          null,
          null,
          1,
          7,
          null,
          null,
          null
        ]
      }
    },
    "timestamp": 1655245448
  }
}
