{
  "RSpec": {
    "coverage": {
      "/Users/wesleymiranda/github/Final/spec/generator_spec.rb": {
        "lines": [
          1,
          null,
          1,
          null,
          1,
          10,
          10,
          null,
          null,
          1,
          1,
          null,
          null,
          1,
          1,
          null,
          null,
          1,
          1,
          null,
          null,
          1,
          1,
          null,
          null,
          1,
          1,
          null,
          null,
          1,
          1,
          null,
          null,
          1,
          1,
          1,
          1,
          1,
          null,
          null,
          1,
          1,
          1,
          1,
          1,
          null,
          null,
          1,
          1,
          null,
          null,
          null,
          null,
          null,
          null,
          1,
          1,
          null,
          null,
          null,
          null,
          null,
          null
        ]
      },
      "/Users/wesleymiranda/github/Final/lib/generator.rb": {
        "lines": [
          1,
          1,
          1,
          1,
          1,
          1,
          null,
          1,
          20,
          20,
          20,
          20,
          null,
          null,
          1,
          7,
          null,
          null,
          1,
          249,
          null,
          null,
          1,
          63,
          63,
          63,
          63,
          252,
          252,
          252,
          null,
          63,
          null,
          null,
          1,
          62,
          62,
          62,
          248,
          248,
          null,
          62,
          null,
          null,
          1,
          1,
          1,
          1,
          11,
          3,
          8,
          3,
          5,
          3,
          2,
          2,
          null,
          null,
          1,
          null,
          null,
          1,
          1,
          1,
          11,
          3,
          8,
          3,
          5,
          3,
          2,
          2,
          null,
          null,
          1,
          null,
          null
        ]
      },
      "/Users/wesleymiranda/github/Final/lib/rotate.rb": {
        "lines": [
          1,
          1,
          8,
          8,
          null,
          null,
          1,
          8,
          8,
          null,
          null,
          1,
          8,
          8,
          null,
          null,
          1,
          6,
          6,
          null,
          null,
          1,
          4,
          null,
          null,
          1,
          4,
          null,
          null,
          1,
          4,
          null,
          null,
          1,
          3,
          null,
          null
        ]
      }
    },
    "timestamp": 1655235754
  }
}
